I, [2014-08-16T10:15:50.798353 #39169]  INFO -- Kitchen: -----> Starting Kitchen (v1.2.2.dev)
I, [2014-08-16T10:15:51.372303 #39169]  INFO -- Kitchen: -----> Cleaning up any prior instances of <default-ubuntu-1204>
I, [2014-08-16T10:15:51.372561 #39169]  INFO -- Kitchen: -----> Destroying <default-ubuntu-1204>...
I, [2014-08-16T10:15:51.375220 #39169]  INFO -- Kitchen: -----> Testing <default-ubuntu-1204>
I, [2014-08-16T10:15:51.375420 #39169]  INFO -- Kitchen: -----> Creating <default-ubuntu-1204>...
I, [2014-08-16T10:16:26.378335 #39326]  INFO -- Kitchen: -----> Starting Kitchen (v1.2.2.dev)
I, [2014-08-16T10:16:26.782105 #39326]  INFO -- Kitchen: -----> Cleaning up any prior instances of <default-ubuntu-1404>
I, [2014-08-16T10:16:26.782363 #39326]  INFO -- Kitchen: -----> Destroying <default-ubuntu-1404>...
I, [2014-08-16T10:16:26.785240 #39326]  INFO -- Kitchen: -----> Testing <default-ubuntu-1404>
I, [2014-08-16T10:16:26.785546 #39326]  INFO -- Kitchen: -----> Creating <default-ubuntu-1404>...
I, [2014-08-16T10:17:12.067520 #39326]  INFO -- Kitchen: -----> Converging <default-ubuntu-1404>...
I, [2014-08-16T10:18:21.582568 #39326]  INFO -- Kitchen: -----> Setting up <default-ubuntu-1404>...
I, [2014-08-16T10:18:21.587633 #39326]  INFO -- Kitchen: -----> Verifying <default-ubuntu-1404>...
I, [2014-08-16T10:18:21.591613 #39326]  INFO -- Kitchen: -----> Destroying <default-ubuntu-1404>...
I, [2014-08-16T10:18:26.237504 #39326]  INFO -- Kitchen: -----> Cleaning up any prior instances of <default-centos-64>
I, [2014-08-16T10:18:26.237758 #39326]  INFO -- Kitchen: -----> Destroying <default-centos-64>...
I, [2014-08-16T10:18:26.238611 #39326]  INFO -- Kitchen: -----> Testing <default-centos-64>
I, [2014-08-16T10:18:26.238751 #39326]  INFO -- Kitchen: -----> Creating <default-centos-64>...
I, [2014-08-16T10:21:29.018583 #39621]  INFO -- Kitchen: -----> Starting Kitchen (v1.2.2.dev)
I, [2014-08-16T10:21:29.624251 #39621]  INFO -- Kitchen: -----> Cleaning up any prior instances of <default-ubuntu-1404>
I, [2014-08-16T10:21:29.624474 #39621]  INFO -- Kitchen: -----> Destroying <default-ubuntu-1404>...
I, [2014-08-16T10:21:29.625799 #39621]  INFO -- Kitchen: -----> Testing <default-ubuntu-1404>
I, [2014-08-16T10:21:29.626002 #39621]  INFO -- Kitchen: -----> Creating <default-ubuntu-1404>...
I, [2014-08-16T10:22:15.785704 #39621]  INFO -- Kitchen: -----> Converging <default-ubuntu-1404>...
I, [2014-08-16T10:23:12.101456 #39621]  INFO -- Kitchen: -----> Setting up <default-ubuntu-1404>...
I, [2014-08-16T10:23:12.103831 #39621]  INFO -- Kitchen: -----> Verifying <default-ubuntu-1404>...
I, [2014-08-16T10:23:12.106303 #39621]  INFO -- Kitchen: -----> Destroying <default-ubuntu-1404>...
I, [2014-08-16T10:23:17.385034 #39621]  INFO -- Kitchen: -----> Kitchen is finished. (1m48.37s)
I, [2014-08-17T01:00:54.108290 #44691]  INFO -- Kitchen: -----> Starting Kitchen (v1.2.2.dev)
I, [2014-08-17T01:00:55.160115 #44691]  INFO -- Kitchen: -----> Cleaning up any prior instances of <default-ubuntu-1404>
I, [2014-08-17T01:00:55.160565 #44691]  INFO -- Kitchen: -----> Destroying <default-ubuntu-1404>...
I, [2014-08-17T01:00:55.162956 #44691]  INFO -- Kitchen: -----> Testing <default-ubuntu-1404>
I, [2014-08-17T01:00:55.163184 #44691]  INFO -- Kitchen: -----> Creating <default-ubuntu-1404>...
I, [2014-08-17T01:01:41.197477 #44691]  INFO -- Kitchen: -----> Converging <default-ubuntu-1404>...
I, [2014-08-17T01:02:47.088590 #44691]  INFO -- Kitchen: -----> Setting up <default-ubuntu-1404>...
I, [2014-08-17T01:02:47.090982 #44691]  INFO -- Kitchen: -----> Verifying <default-ubuntu-1404>...
I, [2014-08-17T01:02:47.093737 #44691]  INFO -- Kitchen: -----> Destroying <default-ubuntu-1404>...
I, [2014-08-17T01:02:51.589913 #44691]  INFO -- Kitchen: -----> Kitchen is finished. (1m57.48s)
I, [2014-08-17T01:05:00.851869 #45619]  INFO -- Kitchen: -----> Starting Kitchen (v1.2.2.dev)
I, [2014-08-17T01:05:01.731519 #45619]  INFO -- Kitchen: -----> Cleaning up any prior instances of <default-ubuntu-1404>
I, [2014-08-17T01:05:01.731751 #45619]  INFO -- Kitchen: -----> Destroying <default-ubuntu-1404>...
I, [2014-08-17T01:05:01.733044 #45619]  INFO -- Kitchen: -----> Testing <default-ubuntu-1404>
I, [2014-08-17T01:05:01.733312 #45619]  INFO -- Kitchen: -----> Creating <default-ubuntu-1404>...
I, [2014-08-17T01:05:48.329369 #45619]  INFO -- Kitchen: -----> Converging <default-ubuntu-1404>...
I, [2014-08-17T01:07:01.355891 #45619]  INFO -- Kitchen: -----> Setting up <default-ubuntu-1404>...
I, [2014-08-17T01:07:01.357969 #45619]  INFO -- Kitchen: -----> Verifying <default-ubuntu-1404>...
I, [2014-08-17T01:07:01.360860 #45619]  INFO -- Kitchen: -----> Destroying <default-ubuntu-1404>...
I, [2014-08-17T01:07:05.991755 #45619]  INFO -- Kitchen: -----> Kitchen is finished. (2m5.14s)
I, [2014-08-17T01:08:25.799820 #45895]  INFO -- Kitchen: -----> Starting Kitchen (v1.2.2.dev)
I, [2014-08-17T01:08:26.715736 #45895]  INFO -- Kitchen: -----> Cleaning up any prior instances of <default-ubuntu-1404>
I, [2014-08-17T01:08:26.715965 #45895]  INFO -- Kitchen: -----> Destroying <default-ubuntu-1404>...
I, [2014-08-17T01:08:26.717313 #45895]  INFO -- Kitchen: -----> Testing <default-ubuntu-1404>
I, [2014-08-17T01:08:26.717510 #45895]  INFO -- Kitchen: -----> Creating <default-ubuntu-1404>...
I, [2014-08-17T01:09:12.401086 #45895]  INFO -- Kitchen: -----> Converging <default-ubuntu-1404>...
E, [2014-08-17T01:10:09.401986 #45895] ERROR -- Kitchen: Converge failed on instance <default-ubuntu-1404>.
